Starting a Gradle Daemon, 1 busy and 2 stopped Daemons could not be reused, use --status for details
> Task :compileJava UP-TO-DATE
> Task :processResources UP-TO-DATE
> Task :classes UP-TO-DATE
> Task :resolveMainClassName UP-TO-DATE

> Task :bootRun

  .   ____          _            __ _ _
 /\\ / ___'_ __ _ _(_)_ __  __ _ \ \ \ \
( ( )\___ | '_ | '_| | '_ \/ _` | \ \ \ \
 \\/  ___)| |_)| | | | | || (_| |  ) ) ) )
  '  |____| .__|_| |_|_| |_\__, | / / / /
 =========|_|==============|___/=/_/_/_/
 :: Spring Boot ::                (v3.2.3)

2026-03-02T17:45:48.718-03:00  INFO 10580 --- [tp360-core] [           main] com.tp360.core.CoreApplication           : Starting CoreApplication using Java 17.0.12 with PID 10580 (D:\Matheus Markies\Downloads\Test\backend\build\classes\java\main started by Matheus Markies in D:\Matheus Markies\Downloads\Test\backend)
2026-03-02T17:45:48.721-03:00  INFO 10580 --- [tp360-core] [           main] com.tp360.core.CoreApplication           : No active profile set, falling back to 1 default profile: "default"
2026-03-02T17:45:49.764-03:00  INFO 10580 --- [tp360-core] [           main] .s.d.r.c.RepositoryConfigurationDelegate : Multiple Spring Data modules found, entering strict repository configuration mode
2026-03-02T17:45:49.819-03:00  INFO 10580 --- [tp360-core] [           main] .s.d.r.c.RepositoryConfigurationDelegate : Bootstrapping Spring Data JPA repositories in DEFAULT mode.
2026-03-02T17:45:49.893-03:00  INFO 10580 --- [tp360-core] [           main] .RepositoryConfigurationExtensionSupport : Spring Data JPA - Could not safely identify store assignment for repository candidate interface com.tp360.core.repositories.neo4j.DespesaNodeRepository; If you want this repository to be a JPA repository, consider annotating your entities with one of these annotations: jakarta.persistence.Entity, jakarta.persistence.MappedSuperclass (preferred), or consider extending one of the following types with your repository: org.springframework.data.jpa.repository.JpaRepository
2026-03-02T17:45:49.896-03:00  INFO 10580 --- [tp360-core] [           main] .RepositoryConfigurationExtensionSupport : Spring Data JPA - Could not safely identify store assignment for repository candidate interface com.tp360.core.repositories.neo4j.EmendaNodeRepository; If you want this repository to be a JPA repository, consider annotating your entities with one of these annotations: jakarta.persistence.Entity, jakarta.persistence.MappedSuperclass (preferred), or consider extending one of the following types with your repository: org.springframework.data.jpa.repository.JpaRepository
2026-03-02T17:45:49.896-03:00  INFO 10580 --- [tp360-core] [           main] .RepositoryConfigurationExtensionSupport : Spring Data JPA - Could not safely identify store assignment for repository candidate interface com.tp360.core.repositories.neo4j.EmpresaNodeRepository; If you want this repository to be a JPA repository, consider annotating your entities with one of these annotations: jakarta.persistence.Entity, jakarta.persistence.MappedSuperclass (preferred), or consider extending one of the following types with your repository: org.springframework.data.jpa.repository.JpaRepository
2026-03-02T17:45:49.899-03:00  INFO 10580 --- [tp360-core] [           main] .RepositoryConfigurationExtensionSupport : Spring Data JPA - Could not safely identify store assignment for repository candidate interface com.tp360.core.repositories.neo4j.MunicipioNodeRepository; If you want this repository to be a JPA repository, consider annotating your entities with one of these annotations: jakarta.persistence.Entity, jakarta.persistence.MappedSuperclass (preferred), or consider extending one of the following types with your repository: org.springframework.data.jpa.repository.JpaRepository
2026-03-02T17:45:49.901-03:00  INFO 10580 --- [tp360-core] [           main] .RepositoryConfigurationExtensionSupport : Spring Data JPA - Could not safely identify store assignment for repository candidate interface com.tp360.core.repositories.neo4j.PessoaNodeRepository; If you want this repository to be a JPA repository, consider annotating your entities with one of these annotations: jakarta.persistence.Entity, jakarta.persistence.MappedSuperclass (preferred), or consider extending one of the following types with your repository: org.springframework.data.jpa.repository.JpaRepository
2026-03-02T17:45:49.904-03:00  INFO 10580 --- [tp360-core] [           main] .RepositoryConfigurationExtensionSupport : Spring Data JPA - Could not safely identify store assignment for repository candidate interface com.tp360.core.repositories.neo4j.PoliticoNodeRepository; If you want this repository to be a JPA repository, consider annotating your entities with one of these annotations: jakarta.persistence.Entity, jakarta.persistence.MappedSuperclass (preferred), or consider extending one of the following types with your repository: org.springframework.data.jpa.repository.JpaRepository
2026-03-02T17:45:49.906-03:00  INFO 10580 --- [tp360-core] [           main] .RepositoryConfigurationExtensionSupport : Spring Data JPA - Could not safely identify store assignment for repository candidate interface com.tp360.core.repositories.neo4j.SessaoPlenarioNodeRepository; If you want this repository to be a JPA repository, consider annotating your entities with one of these annotations: jakarta.persistence.Entity, jakarta.persistence.MappedSuperclass (preferred), or consider extending one of the following types with your repository: org.springframework.data.jpa.repository.JpaRepository
2026-03-02T17:45:50.078-03:00  INFO 10580 --- [tp360-core] [           main] .s.d.r.c.RepositoryConfigurationDelegate : Finished Spring Data repository scanning in 250 ms. Found 3 JPA repository interfaces.
2026-03-02T17:45:50.115-03:00  INFO 10580 --- [tp360-core] [           main] .s.d.r.c.RepositoryConfigurationDelegate : Multiple Spring Data modules found, entering strict repository configuration mode
2026-03-02T17:45:50.117-03:00  INFO 10580 --- [tp360-core] [           main] .s.d.r.c.RepositoryConfigurationDelegate : Bootstrapping Spring Data Neo4j repositories in DEFAULT mode.
2026-03-02T17:45:50.127-03:00  INFO 10580 --- [tp360-core] [           main] .RepositoryConfigurationExtensionSupport : Spring Data Neo4j - Could not safely identify store assignment for repository candidate interface com.tp360.core.repository.PoliticianRepository; If you want this repository to be a Neo4j repository, consider annotating your entities with one of these annotations: org.springframework.data.neo4j.core.schema.Node, org.springframework.data.neo4j.core.schema.RelationshipProperties (preferred), or consider extending one of the following types with your repository: org.springframework.data.neo4j.repository.ReactiveNeo4jRepository
2026-03-02T17:45:50.127-03:00  INFO 10580 --- [tp360-core] [           main] .RepositoryConfigurationExtensionSupport : Spring Data Neo4j - Could not safely identify store assignment for repository candidate interface com.tp360.core.repository.PromiseRepository; If you want this repository to be a Neo4j repository, consider annotating your entities with one of these annotations: org.springframework.data.neo4j.core.schema.Node, org.springframework.data.neo4j.core.schema.RelationshipProperties (preferred), or consider extending one of the following types with your repository: org.springframework.data.neo4j.repository.ReactiveNeo4jRepository
2026-03-02T17:45:50.127-03:00  INFO 10580 --- [tp360-core] [           main] .RepositoryConfigurationExtensionSupport : Spring Data Neo4j - Could not safely identify store assignment for repository candidate interface com.tp360.core.repository.VoteRepository; If you want this repository to be a Neo4j repository, consider annotating your entities with one of these annotations: org.springframework.data.neo4j.core.schema.Node, org.springframework.data.neo4j.core.schema.RelationshipProperties (preferred), or consider extending one of the following types with your repository: org.springframework.data.neo4j.repository.ReactiveNeo4jRepository
2026-03-02T17:45:50.127-03:00  INFO 10580 --- [tp360-core] [           main] .s.d.r.c.RepositoryConfigurationDelegate : Finished Spring Data repository scanning in 9 ms. Found 0 Neo4j repository interfaces.
2026-03-02T17:45:50.133-03:00  INFO 10580 --- [tp360-core] [           main] .s.d.r.c.RepositoryConfigurationDelegate : Multiple Spring Data modules found, entering strict repository configuration mode
2026-03-02T17:45:50.134-03:00  INFO 10580 --- [tp360-core] [           main] .s.d.r.c.RepositoryConfigurationDelegate : Bootstrapping Spring Data Neo4j repositories in DEFAULT mode.
2026-03-02T17:45:50.139-03:00  INFO 10580 --- [tp360-core] [           main] .RepositoryConfigurationExtensionSupport : Spring Data Neo4j - Could not safely identify store assignment for repository candidate interface com.tp360.core.repository.PoliticianRepository; If you want this repository to be a Neo4j repository, consider annotating your entities with one of these annotations: org.springframework.data.neo4j.core.schema.Node, org.springframework.data.neo4j.core.schema.RelationshipProperties (preferred), or consider extending one of the following types with your repository: org.springframework.data.neo4j.repository.Neo4jRepository
2026-03-02T17:45:50.139-03:00  INFO 10580 --- [tp360-core] [           main] .RepositoryConfigurationExtensionSupport : Spring Data Neo4j - Could not safely identify store assignment for repository candidate interface com.tp360.core.repository.PromiseRepository; If you want this repository to be a Neo4j repository, consider annotating your entities with one of these annotations: org.springframework.data.neo4j.core.schema.Node, org.springframework.data.neo4j.core.schema.RelationshipProperties (preferred), or consider extending one of the following types with your repository: org.springframework.data.neo4j.repository.Neo4jRepository
2026-03-02T17:45:50.139-03:00  INFO 10580 --- [tp360-core] [           main] .RepositoryConfigurationExtensionSupport : Spring Data Neo4j - Could not safely identify store assignment for repository candidate interface com.tp360.core.repository.VoteRepository; If you want this repository to be a Neo4j repository, consider annotating your entities with one of these annotations: org.springframework.data.neo4j.core.schema.Node, org.springframework.data.neo4j.core.schema.RelationshipProperties (preferred), or consider extending one of the following types with your repository: org.springframework.data.neo4j.repository.Neo4jRepository
2026-03-02T17:45:50.149-03:00  INFO 10580 --- [tp360-core] [           main] .s.d.r.c.RepositoryConfigurationDelegate : Finished Spring Data repository scanning in 14 ms. Found 7 Neo4j repository interfaces.
2026-03-02T17:45:51.248-03:00  INFO 10580 --- [tp360-core] [           main] o.s.b.w.embedded.tomcat.TomcatWebServer  : Tomcat initialized with port 8080 (http)
2026-03-02T17:45:51.309-03:00  INFO 10580 --- [tp360-core] [           main] o.apache.catalina.core.StandardService   : Starting service [Tomcat]
2026-03-02T17:45:51.309-03:00  INFO 10580 --- [tp360-core] [           main] o.apache.catalina.core.StandardEngine    : Starting Servlet engine: [Apache Tomcat/10.1.19]
2026-03-02T17:45:51.560-03:00  INFO 10580 --- [tp360-core] [           main] o.a.c.c.C.[Tomcat].[localhost].[/]       : Initializing Spring embedded WebApplicationContext
2026-03-02T17:45:51.563-03:00  INFO 10580 --- [tp360-core] [           main] w.s.c.ServletWebServerApplicationContext : Root WebApplicationContext: initialization completed in 2775 ms
2026-03-02T17:45:52.063-03:00  INFO 10580 --- [tp360-core] [           main] o.hibernate.jpa.internal.util.LogHelper  : HHH000204: Processing PersistenceUnitInfo [name: default]
2026-03-02T17:45:52.332-03:00  INFO 10580 --- [tp360-core] [           main] org.hibernate.Version                    : HHH000412: Hibernate ORM core version 6.4.4.Final
2026-03-02T17:45:52.518-03:00  INFO 10580 --- [tp360-core] [           main] o.h.c.internal.RegionFactoryInitiator    : HHH000026: Second-level cache disabled
2026-03-02T17:45:53.347-03:00  INFO 10580 --- [tp360-core] [           main] o.s.o.j.p.SpringPersistenceUnitInfo      : No LoadTimeWeaver setup: ignoring JPA class transformer
2026-03-02T17:45:53.422-03:00  INFO 10580 --- [tp360-core] [           main] com.zaxxer.hikari.HikariDataSource       : HikariPool-1 - Starting...
2026-03-02T17:45:53.876-03:00  INFO 10580 --- [tp360-core] [           main] com.zaxxer.hikari.pool.HikariPool        : HikariPool-1 - Added connection org.postgresql.jdbc.PgConnection@60fc7f43
2026-03-02T17:45:53.878-03:00  INFO 10580 --- [tp360-core] [           main] com.zaxxer.hikari.HikariDataSource       : HikariPool-1 - Start completed.
2026-03-02T17:45:53.990-03:00  WARN 10580 --- [tp360-core] [           main] org.hibernate.orm.deprecation            : HHH90000025: PostgreSQLDialect does not need to be specified explicitly using 'hibernate.dialect' (remove the property setting and it will be selected by default)
2026-03-02T17:45:56.465-03:00  INFO 10580 --- [tp360-core] [           main] o.h.e.t.j.p.i.JtaPlatformInitiator       : HHH000489: No JTA platform available (set 'hibernate.transaction.jta.platform' to enable JTA platform integration)
2026-03-02T17:45:56.616-03:00  INFO 10580 --- [tp360-core] [           main] j.LocalContainerEntityManagerFactoryBean : Initialized JPA EntityManagerFactory for persistence unit 'default'
2026-03-02T17:45:57.200-03:00  INFO 10580 --- [tp360-core] [           main] o.neo4j.driver.internal.DriverFactory    : Direct driver instance 1272033405 created for server address neo4j:7687
2026-03-02T17:45:57.482-03:00  WARN 10580 --- [tp360-core] [           main] JpaBaseConfiguration$JpaWebConfiguration : spring.jpa.open-in-view is enabled by default. Therefore, database queries may be performed during view rendering. Explicitly configure spring.jpa.open-in-view to disable this warning
2026-03-02T17:45:57.815-03:00  INFO 10580 --- [tp360-core] [           main] o.s.b.w.embedded.tomcat.TomcatWebServer  : Tomcat started on port 8080 (http) with context path ''
2026-03-02T17:45:57.823-03:00  INFO 10580 --- [tp360-core] [           main] com.tp360.core.CoreApplication           : Started CoreApplication in 9.911 seconds (process running for 10.512)
^C